Arguments: 
  /home/yerell/.nvm/versions/node/v12.18.3/bin/node /home/linuxbrew/.linuxbrew/bin/yarn add jest -d

PATH: 
  /home/yerell/.nvm/versions/node/v12.18.3/bin:/usr/local/sbin:/usr/local/bin:/usr/sbin:/usr/bin:/sbin:/bin:/usr/games:/usr/local/games:/mnt/c/WINDOWS/system32:/mnt/c/WINDOWS:/mnt/c/WINDOWS/System32/Wbem:/mnt/c/WINDOWS/System32/WindowsPowerShell/v1.0/:/mnt/c/WINDOWS/System32/OpenSSH/:/mnt/c/Users/user/AppData/Local/Microsoft/WindowsApps:/mnt/c/Users/user/AppData/Local/hyper/app-3.0.2/resources/bin:/mnt/c/Users/user/AppData/Local/Programs/Microsoft VS Code/bin:/snap/bin:/home/linuxbrew/.linuxbrew/bin

Yarn version: 
  1.22.5

Node version: 
  12.18.3

Platform: 
  linux x64

Trace: 
  SyntaxError: /home/yerell/development/testing-lab/package.json: Unexpected token / in JSON at position 27
      at JSON.parse (<anonymous>)
      at /home/yerell/.config/yarn/global/node_modules/yarn/lib/cli.js:1625:59
      at Generator.next (<anonymous>)
      at step (/home/yerell/.config/yarn/global/node_modules/yarn/lib/cli.js:310:30)
      at /home/yerell/.config/yarn/global/node_modules/yarn/lib/cli.js:321:13

npm manifest: 
  {
    "name": "testing-lab", //nombre del repositorio//
    "version": "1.0.0", //versión del programa//
    "main": "index.js", //archivo principal//
    "repository": "git@github.com:Yerell/testing-lab.git", //Repositorio del autor//
    "author": "Yerell <Yerell.software@gmail.com>", //Correo del autor//
    "license": "MIT" //licencia open source//
  }
  // esto es el manifiesto, el punto de entrada//

yarn manifest: 
  No manifest

Lockfile: 
  No lockfile
